<?xml version="1.0" encoding="UTF-8"?>
<testsuite name="com.example.familyphotoframe.data.index.ScanCompletionPolicyTest" tests="2" skipped="0" failures="0" errors="0" timestamp="2026-08-12T18:54:00" hostname="runnervmvrwv9" time="0.001">
  <properties/>
  <testcase name="onlyCleanFinishedScanMayReconcile" classname="com.example.familyphotoframe.data.index.ScanCompletionPolicyTest" time="0.001"/>
  <testcase name="missingFinishedEventBecomesAnError" classname="com.example.familyphotoframe.data.index.ScanCompletionPolicyTest" time="0.0"/>
  <system-out><![CDATA[]]></system-out>
  <system-err><![CDATA[]]></system-err>
</testsuite>
