<?xml version="1.0" encoding="UTF-8"?>
<testsuite name="com.example.familyphotoframe.data.settings.BoundedTextInputTest" tests="2" skipped="0" failures="0" errors="0" timestamp="2026-08-15T06:27:18" hostname="runnervmzvulz" time="0.004">
  <properties/>
  <testcase name="readsAtTheConfiguredLimit" classname="com.example.familyphotoframe.data.settings.BoundedTextInputTest" time="0.003"/>
  <testcase name="rejectsOneBytePastTheConfiguredLimit" classname="com.example.familyphotoframe.data.settings.BoundedTextInputTest" time="0.001"/>
  <system-out><![CDATA[]]></system-out>
  <system-err><![CDATA[]]></system-err>
</testsuite>
