<?xml version="1.0" encoding="UTF-8"?>
<testsuite name="com.example.familyphotoframe.data.settings.ConfigTransferTest" tests="21" skipped="0" failures="0" errors="0" timestamp="2026-08-15T06:27:18" hostname="runnervmzvulz" time="0.076">
  <properties/>
  <testcase name="redactStripsSynologyCredentialRef" classname="com.example.familyphotoframe.data.settings.ConfigTransferTest" time="0.004"/>
  <testcase name="parse_rejectsNewerBundleVersion" classname="com.example.familyphotoframe.data.settings.ConfigTransferTest" time="0.006"/>
  <testcase name="merge_hostComparisonIsCaseInsensitive" classname="com.example.familyphotoframe.data.settings.ConfigTransferTest" time="0.002"/>
  <testcase name="merge_ontoFrameWithNoSmbForcesReentry" classname="com.example.familyphotoframe.data.settings.ConfigTransferTest" time="0.001"/>
  <testcase name="parse_rejectsEmpty" classname="com.example.familyphotoframe.data.settings.ConfigTransferTest" time="0.001"/>
  <testcase name="export_stripsCredentialReference" classname="com.example.familyphotoframe.data.settings.ConfigTransferTest" time="0.005"/>
  <testcase name="exportThenParse_roundTripsSettings" classname="com.example.familyphotoframe.data.settings.ConfigTransferTest" time="0.007"/>
  <testcase name="parse_rejectsForeignJson" classname="com.example.familyphotoframe.data.settings.ConfigTransferTest" time="0.0"/>
  <testcase name="nonSmbConfigNeedsNoPassword" classname="com.example.familyphotoframe.data.settings.ConfigTransferTest" time="0.001"/>
  <testcase name="merge_clearsCredentialWhenConnectionDiffers" classname="com.example.familyphotoframe.data.settings.ConfigTransferTest" time="0.0"/>
  <testcase name="smbMergeStillWorksAlongsideSynology" classname="com.example.familyphotoframe.data.settings.ConfigTransferTest" time="0.0"/>
  <testcase name="suggestedFileNameIsStable" classname="com.example.familyphotoframe.data.settings.ConfigTransferTest" time="0.0"/>
  <testcase name="synologyCredentialClearedWhenImportingDifferentNas" classname="com.example.familyphotoframe.data.settings.ConfigTransferTest" time="0.003"/>
  <testcase name="importedConfigCannotGrantCertificateTrustForDifferentNas" classname="com.example.familyphotoframe.data.settings.ConfigTransferTest" time="0.0"/>
  <testcase name="parse_rejectsNonJson" classname="com.example.familyphotoframe.data.settings.ConfigTransferTest" time="0.0"/>
  <testcase name="merge_keepsCredentialWhenSameShareIsAlreadyConfigured" classname="com.example.familyphotoframe.data.settings.ConfigTransferTest" time="0.001"/>
  <testcase name="parse_rejectsOversizedTextBeforeJsonDecoding" classname="com.example.familyphotoframe.data.settings.ConfigTransferTest" time="0.028"/>
  <testcase name="pinnedCertificateSurvivesRestoreOntoSameNas" classname="com.example.familyphotoframe.data.settings.ConfigTransferTest" time="0.001"/>
  <testcase name="exportStripsWeatherApiKeyReference" classname="com.example.familyphotoframe.data.settings.ConfigTransferTest" time="0.001"/>
  <testcase name="merge_clearsCredentialWhenDomainDiffers" classname="com.example.familyphotoframe.data.settings.ConfigTransferTest" time="0.0"/>
  <testcase name="synologyCredentialSurvivesRestoreOntoSameNas" classname="com.example.familyphotoframe.data.settings.ConfigTransferTest" time="0.0"/>
  <system-out><![CDATA[]]></system-out>
  <system-err><![CDATA[]]></system-err>
</testsuite>
