<?xml version="1.0" encoding="UTF-8"?>
<testsuite name="com.example.familyphotoframe.util.GlobTest" tests="5" skipped="0" failures="0" errors="0" timestamp="2026-08-07T04:51:49" hostname="aleksu-Vostro-5471" time="0.001">
  <properties/>
  <testcase name="isAllowed_appliesIncludeThenExclude" classname="com.example.familyphotoframe.util.GlobTest" time="0.001"/>
  <testcase name="dotFiles_excludedByDotStar" classname="com.example.familyphotoframe.util.GlobTest" time="0.0"/>
  <testcase name="star_matchesWithinSegment" classname="com.example.familyphotoframe.util.GlobTest" time="0.0"/>
  <testcase name="doubleStar_crossesSegments" classname="com.example.familyphotoframe.util.GlobTest" time="0.0"/>
  <testcase name="question_matchesSingleChar" classname="com.example.familyphotoframe.util.GlobTest" time="0.0"/>
  <system-out><![CDATA[]]></system-out>
  <system-err><![CDATA[]]></system-err>
</testsuite>
