<?xml version="1.0" encoding="UTF-8"?>
<testsuite name="com.example.familyphotoframe.data.diagnostics.DiagnosticsLogTest" tests="2" skipped="0" failures="0" errors="0" timestamp="2026-08-07T04:51:37" hostname="aleksu-Vostro-5471" time="0.321">
  <properties/>
  <testcase name="durableBundleStreamsQueuedEvents" classname="com.example.familyphotoframe.data.diagnostics.DiagnosticsLogTest" time="0.297"/>
  <testcase name="boundedWriterRecordsQueueOverflow" classname="com.example.familyphotoframe.data.diagnostics.DiagnosticsLogTest" time="0.024"/>
  <system-out><![CDATA[]]></system-out>
  <system-err><![CDATA[]]></system-err>
</testsuite>
