<?xml version="1.0" encoding="UTF-8"?>
<testsuite name="com.example.familyphotoframe.ui.settings.FolderSelectionPolicyTest" tests="4" skipped="0" failures="0" errors="0" timestamp="2026-08-12T18:54:04" hostname="runnervmvrwv9" time="0.006">
  <properties/>
  <testcase name="emptySelectionMeansAllFolders" classname="com.example.familyphotoframe.ui.settings.FolderSelectionPolicyTest" time="0.0"/>
  <testcase name="selectingEveryFolderNormalizesBackToAll" classname="com.example.familyphotoframe.ui.settings.FolderSelectionPolicyTest" time="0.004"/>
  <testcase name="deselectingFromAllProducesOneCanonicalSet" classname="com.example.familyphotoframe.ui.settings.FolderSelectionPolicyTest" time="0.001"/>
  <testcase name="legacyFolderNameSelectsEveryMatchingDirectFolder" classname="com.example.familyphotoframe.ui.settings.FolderSelectionPolicyTest" time="0.0"/>
  <system-out><![CDATA[]]></system-out>
  <system-err><![CDATA[]]></system-err>
</testsuite>
