<?xml version="1.0" encoding="UTF-8"?>
<testsuite name="com.example.familyphotoframe.domain.engine.SourcePoolPolicyTest" tests="7" skipped="0" failures="0" errors="0" timestamp="2026-08-15T06:27:22" hostname="runnervmzvulz" time="0.004">
  <properties/>
  <testcase name="everythingDownDefersToTheChosenSource" classname="com.example.familyphotoframe.domain.engine.SourcePoolPolicyTest" time="0.002"/>
  <testcase name="nothingConfiguredIsItsOwnPlan" classname="com.example.familyphotoframe.domain.engine.SourcePoolPolicyTest" time="0.001"/>
  <testcase name="unhealthyCoPrimaryIsDroppedNotFatal" classname="com.example.familyphotoframe.domain.engine.SourcePoolPolicyTest" time="0.0"/>
  <testcase name="losingTheLastSourceFallsBackToUnreachable" classname="com.example.familyphotoframe.domain.engine.SourcePoolPolicyTest" time="0.0"/>
  <testcase name="promoteIsIdempotentAndDemoteIsTargeted" classname="com.example.familyphotoframe.domain.engine.SourcePoolPolicyTest" time="0.0"/>
  <testcase name="promotedSourceJoinsExistingCoPrimaries" classname="com.example.familyphotoframe.domain.engine.SourcePoolPolicyTest" time="0.0"/>
  <testcase name="healthySourcesAllPlayInOrder" classname="com.example.familyphotoframe.domain.engine.SourcePoolPolicyTest" time="0.0"/>
  <system-out><![CDATA[]]></system-out>
  <system-err><![CDATA[]]></system-err>
</testsuite>
