<?xml version="1.0" encoding="UTF-8"?>
<testsuite name="com.example.familyphotoframe.domain.engine.SourceRecoveryCoordinatorTest" tests="3" skipped="0" failures="0" errors="0" timestamp="2026-08-07T04:51:48" hostname="aleksu-Vostro-5471" time="0.002">
  <properties/>
  <testcase name="newerPlaybackFailureInvalidatesInFlightHealthResult" classname="com.example.familyphotoframe.domain.engine.SourceRecoveryCoordinatorTest" time="0.002"/>
  <testcase name="playbackFailureIsPromotedExactlyOnceByNextSuccessfulCheck" classname="com.example.familyphotoframe.domain.engine.SourceRecoveryCoordinatorTest" time="0.0"/>
  <testcase name="failedPromotionCanBeRolledBackAndRetried" classname="com.example.familyphotoframe.domain.engine.SourceRecoveryCoordinatorTest" time="0.0"/>
  <system-out><![CDATA[]]></system-out>
  <system-err><![CDATA[]]></system-err>
</testsuite>
