<?xml version="1.0" encoding="UTF-8"?>
<testsuite name="com.example.familyphotoframe.data.source.SourceErrorMapperTest" tests="7" skipped="0" failures="0" errors="0" timestamp="2026-08-07T04:51:47" hostname="aleksu-Vostro-5471" time="0.009">
  <properties/>
  <testcase name="unknown_isFallback" classname="com.example.familyphotoframe.data.source.SourceErrorMapperTest" time="0.004"/>
  <testcase name="shareNotFound_reportsSourceMissingHealth" classname="com.example.familyphotoframe.data.source.SourceErrorMapperTest" time="0.002"/>
  <testcase name="ntStatusMessages_mapByText" classname="com.example.familyphotoframe.data.source.SourceErrorMapperTest" time="0.0"/>
  <testcase name="toHealth_classifies" classname="com.example.familyphotoframe.data.source.SourceErrorMapperTest" time="0.001"/>
  <testcase name="networkTypes_mapByException" classname="com.example.familyphotoframe.data.source.SourceErrorMapperTest" time="0.0"/>
  <testcase name="shareLevelMisses_outrankFileLevelMisses" classname="com.example.familyphotoframe.data.source.SourceErrorMapperTest" time="0.0"/>
  <testcase name="wrappedCause_isInspected" classname="com.example.familyphotoframe.data.source.SourceErrorMapperTest" time="0.001"/>
  <system-out><![CDATA[]]></system-out>
  <system-err><![CDATA[]]></system-err>
</testsuite>
