<?xml version="1.0" encoding="UTF-8"?>
<testsuite name="com.example.familyphotoframe.web.WebUiContractTest" tests="2" skipped="0" failures="0" errors="0" timestamp="2026-08-12T18:54:06" hostname="runnervmvrwv9" time="0.018">
  <properties/>
  <testcase name="assetsContainResponsiveAccessibleAndLowOverheadContracts" classname="com.example.familyphotoframe.web.WebUiContractTest" time="0.014"/>
  <testcase name="shellContainsAllTopLevelTabsAndExternalAssets" classname="com.example.familyphotoframe.web.WebUiContractTest" time="0.0"/>
  <system-out><![CDATA[]]></system-out>
  <system-err><![CDATA[]]></system-err>
</testsuite>
