<?xml version="1.0" encoding="UTF-8"?>
<testsuite name="com.example.familyphotoframe.web.WebSettingsJsonTest" tests="3" skipped="0" failures="0" errors="0" timestamp="2026-08-15T06:27:25" hostname="runnervmzvulz" time="0.018">
  <properties/>
  <testcase name="legacyBrightnessAliasesReflectUnifiedAutomation" classname="com.example.familyphotoframe.web.WebSettingsJsonTest" time="0.012"/>
  <testcase name="primitiveCollectionsAreProjectedAsJsonElements" classname="com.example.familyphotoframe.web.WebSettingsJsonTest" time="0.004"/>
  <testcase name="collageCustomizationIsProjectedForWebParity" classname="com.example.familyphotoframe.web.WebSettingsJsonTest" time="0.001"/>
  <system-out><![CDATA[]]></system-out>
  <system-err><![CDATA[]]></system-err>
</testsuite>
