<?xml version="1.0" encoding="UTF-8"?>
<testsuite name="com.example.familyphotoframe.domain.randomize.FolderBalancedPlaybackQueueTest" tests="4" skipped="0" failures="0" errors="0" timestamp="2026-08-15T06:27:22" hostname="runnervmzvulz" time="0.019">
  <properties/>
  <testcase name="eachFolderAppearsOncePerOuterCycle" classname="com.example.familyphotoframe.domain.randomize.FolderBalancedPlaybackQueueTest" time="0.016"/>
  <testcase name="collageCompanionIsConsumedWithoutSpendingAnotherFolderTurn" classname="com.example.familyphotoframe.domain.randomize.FolderBalancedPlaybackQueueTest" time="0.002"/>
  <testcase name="folderDoesNotRepeatAcrossOuterCycleSeam" classname="com.example.familyphotoframe.domain.randomize.FolderBalancedPlaybackQueueTest" time="0.001"/>
  <testcase name="photosInsideEachFolderDoNotRepeatUntilTheirOwnCycleCompletes" classname="com.example.familyphotoframe.domain.randomize.FolderBalancedPlaybackQueueTest" time="0.0"/>
  <system-out><![CDATA[]]></system-out>
  <system-err><![CDATA[]]></system-err>
</testsuite>
