<?xml version="1.0" encoding="UTF-8"?>
<testsuite name="com.example.familyphotoframe.web.DiagnosticsPagingTest" tests="3" skipped="0" failures="0" errors="0" timestamp="2026-08-07T04:51:49" hostname="aleksu-Vostro-5471" time="0.005">
  <properties/>
  <testcase name="cursorRemainsStableWhenNewTailArrives" classname="com.example.familyphotoframe.web.DiagnosticsPagingTest" time="0.003"/>
  <testcase name="filtersAndExpiredCursorAreExplicit" classname="com.example.familyphotoframe.web.DiagnosticsPagingTest" time="0.001"/>
  <testcase name="downloadNameUsesUtcMilliseconds" classname="com.example.familyphotoframe.web.DiagnosticsPagingTest" time="0.001"/>
  <system-out><![CDATA[]]></system-out>
  <system-err><![CDATA[]]></system-err>
</testsuite>
