<?xml version="1.0" encoding="UTF-8"?>
<testsuite name="com.example.familyphotoframe.data.source.WebDavPhotoSourceTest" tests="2" skipped="0" failures="0" errors="0" timestamp="2026-08-15T06:27:22" hostname="runnervmzvulz" time="0.036">
  <properties/>
  <testcase name="malformedListingClosesResponseAndReportsError" classname="com.example.familyphotoframe.data.source.WebDavPhotoSourceTest" time="0.032"/>
  <testcase name="scanStreamsFilesAndClosesResponse" classname="com.example.familyphotoframe.data.source.WebDavPhotoSourceTest" time="0.004"/>
  <system-out><![CDATA[]]></system-out>
  <system-err><![CDATA[]]></system-err>
</testsuite>
