<?xml version="1.0" encoding="UTF-8"?>
<testsuite name="com.example.familyphotoframe.ui.render.PortraitPanelMotionTest" tests="23" skipped="0" failures="0" errors="0" timestamp="2026-08-07T04:51:48" hostname="aleksu-Vostro-5471" time="0.026">
  <properties/>
  <testcase name="maxSafeTranslationIsNeverNegative" classname="com.example.familyphotoframe.ui.render.PortraitPanelMotionTest" time="0.001"/>
  <testcase name="centrePanelIsLessActiveThanOuterPanels" classname="com.example.familyphotoframe.ui.render.PortraitPanelMotionTest" time="0.002"/>
  <testcase name="pathRunsFromStartToEndAcrossTheSlide" classname="com.example.familyphotoframe.ui.render.PortraitPanelMotionTest" time="0.0"/>
  <testcase name="offProfileProducesAnIdentityTransform" classname="com.example.familyphotoframe.ui.render.PortraitPanelMotionTest" time="0.001"/>
  <testcase name="zoomOutStaysSafeAtItsSmallestScale" classname="com.example.familyphotoframe.ui.render.PortraitPanelMotionTest" time="0.0"/>
  <testcase name="translationNeverExceedsTheTwoPercentCap" classname="com.example.familyphotoframe.ui.render.PortraitPanelMotionTest" time="0.0"/>
  <testcase name="noTwoPanelsUseNearlyIdenticalPaths" classname="com.example.familyphotoframe.ui.render.PortraitPanelMotionTest" time="0.006"/>
  <testcase name="threePresetsAreAlwaysDistinct" classname="com.example.familyphotoframe.ui.render.PortraitPanelMotionTest" time="0.002"/>
  <testcase name="reducedProfileMovesLessThanSubtle" classname="com.example.familyphotoframe.ui.render.PortraitPanelMotionTest" time="0.0"/>
  <testcase name="progressOutsideZeroToOneIsClamped" classname="com.example.familyphotoframe.ui.render.PortraitPanelMotionTest" time="0.0"/>
  <testcase name="unknownAnimationScaleFallsBackToSubtle" classname="com.example.familyphotoframe.ui.render.PortraitPanelMotionTest" time="0.0"/>
  <testcase name="scaleStaysWithinTheDeclaredBand" classname="com.example.familyphotoframe.ui.render.PortraitPanelMotionTest" time="0.0"/>
  <testcase name="sameSeedProducesIdenticalPaths" classname="com.example.familyphotoframe.ui.render.PortraitPanelMotionTest" time="0.0"/>
  <testcase name="easingIsClampedAndMonotonic" classname="com.example.familyphotoframe.ui.render.PortraitPanelMotionTest" time="0.0"/>
  <testcase name="normalSystemAnimationsUseSubtleProfile" classname="com.example.familyphotoframe.ui.render.PortraitPanelMotionTest" time="0.0"/>
  <testcase name="differentSeedsEventuallyDiffer" classname="com.example.familyphotoframe.ui.render.PortraitPanelMotionTest" time="0.001"/>
  <testcase name="noPresetEverExposesAPanelEdge" classname="com.example.familyphotoframe.ui.render.PortraitPanelMotionTest" time="0.007"/>
  <testcase name="describeFrameNamesEveryPanelAndPreset" classname="com.example.familyphotoframe.ui.render.PortraitPanelMotionTest" time="0.001"/>
  <testcase name="reducedSystemAnimationsReduceAmplitude" classname="com.example.familyphotoframe.ui.render.PortraitPanelMotionTest" time="0.001"/>
  <testcase name="systemAnimationsDisabledProducesNoMotion" classname="com.example.familyphotoframe.ui.render.PortraitPanelMotionTest" time="0.0"/>
  <testcase name="disabledSettingProducesNoMotion" classname="com.example.familyphotoframe.ui.render.PortraitPanelMotionTest" time="0.0"/>
  <testcase name="horizontalMovementIsLimitedMoreThanVertical" classname="com.example.familyphotoframe.ui.render.PortraitPanelMotionTest" time="0.0"/>
  <testcase name="outerPanelsNeverDriftTheSameDirection" classname="com.example.familyphotoframe.ui.render.PortraitPanelMotionTest" time="0.001"/>
  <system-out><![CDATA[]]></system-out>
  <system-err><![CDATA[]]></system-err>
</testsuite>
