<?xml version="1.0" encoding="UTF-8"?>
<testsuite name="com.example.familyphotoframe.web.BoundedHttpAsyncRunnerTest" tests="1" skipped="0" failures="0" errors="0" timestamp="2026-08-15T06:27:23" hostname="runnervmzvulz" time="0.029">
  <properties/>
  <testcase name="saturatedRunnerRejectsWithoutExceedingWorkerAndQueueBounds" classname="com.example.familyphotoframe.web.BoundedHttpAsyncRunnerTest" time="0.029"/>
  <system-out><![CDATA[]]></system-out>
  <system-err><![CDATA[]]></system-err>
</testsuite>
