<?xml version="1.0" encoding="UTF-8"?>
<testsuite name="com.example.familyphotoframe.ui.render.KenBurnsTest" tests="8" skipped="0" failures="0" errors="0" timestamp="2026-08-15T06:27:23" hostname="runnervmzvulz" time="0.012">
  <properties/>
  <testcase name="scaleIsMonotonic" classname="com.example.familyphotoframe.ui.render.KenBurnsTest" time="0.001"/>
  <testcase name="differentSeedsUseDifferentDirections" classname="com.example.familyphotoframe.ui.render.KenBurnsTest" time="0.0"/>
  <testcase name="progressIsClamped" classname="com.example.familyphotoframe.ui.render.KenBurnsTest" time="0.0"/>
  <testcase name="startsUnscaledAndCentred" classname="com.example.familyphotoframe.ui.render.KenBurnsTest" time="0.0"/>
  <testcase name="zoomStaysSubtle" classname="com.example.familyphotoframe.ui.render.KenBurnsTest" time="0.0"/>
  <testcase name="panNeverExposesAnEdge" classname="com.example.familyphotoframe.ui.render.KenBurnsTest" time="0.011"/>
  <testcase name="sameSeedIsDeterministic" classname="com.example.familyphotoframe.ui.render.KenBurnsTest" time="0.0"/>
  <testcase name="endsAtTargetScale" classname="com.example.familyphotoframe.ui.render.KenBurnsTest" time="0.0"/>
  <system-out><![CDATA[]]></system-out>
  <system-err><![CDATA[]]></system-err>
</testsuite>
