<?xml version="1.0" encoding="UTF-8"?>
<testsuite name="com.example.familyphotoframe.domain.randomize.FolderBalancedPlaybackQueueTest" tests="4" skipped="0" failures="0" errors="0" timestamp="2026-08-07T04:51:48" hostname="aleksu-Vostro-5471" time="0.024">
  <properties/>
  <testcase name="eachFolderAppearsOncePerOuterCycle" classname="com.example.familyphotoframe.domain.randomize.FolderBalancedPlaybackQueueTest" time="0.019"/>
  <testcase name="collageCompanionIsConsumedWithoutSpendingAnotherFolderTurn" classname="com.example.familyphotoframe.domain.randomize.FolderBalancedPlaybackQueueTest" time="0.003"/>
  <testcase name="folderDoesNotRepeatAcrossOuterCycleSeam" classname="com.example.familyphotoframe.domain.randomize.FolderBalancedPlaybackQueueTest" time="0.001"/>
  <testcase name="photosInsideEachFolderDoNotRepeatUntilTheirOwnCycleCompletes" classname="com.example.familyphotoframe.domain.randomize.FolderBalancedPlaybackQueueTest" time="0.001"/>
  <system-out><![CDATA[]]></system-out>
  <system-err><![CDATA[]]></system-err>
</testsuite>
