<?xml version="1.0" encoding="UTF-8"?>
<testsuite name="com.example.familyphotoframe.web.WebSecurityTest" tests="12" skipped="0" failures="0" errors="0" timestamp="2026-08-15T06:27:25" hostname="runnervmzvulz" time="0.441">
  <properties/>
  <testcase name="unknownTokenIsNotAuthenticated" classname="com.example.familyphotoframe.web.WebSecurityTest" time="0.024"/>
  <testcase name="pinIsGeneratedAndPairsOnce" classname="com.example.familyphotoframe.web.WebSecurityTest" time="0.048"/>
  <testcase name="repeatedFailuresLockOut" classname="com.example.familyphotoframe.web.WebSecurityTest" time="0.112"/>
  <testcase name="activityRefreshesIdleDeadline" classname="com.example.familyphotoframe.web.WebSecurityTest" time="0.045"/>
  <testcase name="stateChangeRequiresMatchingCsrfToken" classname="com.example.familyphotoframe.web.WebSecurityTest" time="0.033"/>
  <testcase name="recentSessionActivityCanGatePreviewGeneration" classname="com.example.familyphotoframe.web.WebSecurityTest" time="0.025"/>
  <testcase name="regeneratingPinInvalidatesExistingSessions" classname="com.example.familyphotoframe.web.WebSecurityTest" time="0.065"/>
  <testcase name="rememberedBrowserKeepsAtMostTwoActiveSessions" classname="com.example.familyphotoframe.web.WebSecurityTest" time="0.001"/>
  <testcase name="sessionExpiresAfterIdleTimeout" classname="com.example.familyphotoframe.web.WebSecurityTest" time="0.025"/>
  <testcase name="rememberedSessionHasAbsoluteLifetime" classname="com.example.familyphotoframe.web.WebSecurityTest" time="0.001"/>
  <testcase name="wrongPinIsRejected" classname="com.example.familyphotoframe.web.WebSecurityTest" time="0.026"/>
  <testcase name="resetRevokesEverything" classname="com.example.familyphotoframe.web.WebSecurityTest" time="0.029"/>
  <system-out><![CDATA[]]></system-out>
  <system-err><![CDATA[]]></system-err>
</testsuite>
