<?xml version="1.0" encoding="UTF-8"?>
<testsuite name="com.example.familyphotoframe.domain.engine.RecoveryPolicyTest" tests="4" skipped="0" failures="0" errors="0" timestamp="2026-08-12T18:54:04" hostname="runnervmvrwv9" time="0.001">
  <properties/>
  <testcase name="jitterIsClampedAndNeverNegative" classname="com.example.familyphotoframe.domain.engine.RecoveryPolicyTest" time="0.001"/>
  <testcase name="backoffEscalatesWhileDownAndCaps" classname="com.example.familyphotoframe.domain.engine.RecoveryPolicyTest" time="0.0"/>
  <testcase name="promotesOnRecoveryAndResetsBackoff" classname="com.example.familyphotoframe.domain.engine.RecoveryPolicyTest" time="0.0"/>
  <testcase name="secondOutageRestartsTheBackoff" classname="com.example.familyphotoframe.domain.engine.RecoveryPolicyTest" time="0.0"/>
  <system-out><![CDATA[]]></system-out>
  <system-err><![CDATA[]]></system-err>
</testsuite>
