<?xml version="1.0" encoding="UTF-8"?>
<testsuite name="com.example.familyphotoframe.data.settings.AppSettingsSerializerTest" tests="11" skipped="0" failures="0" errors="0" timestamp="2026-08-15T06:27:18" hostname="runnervmzvulz" time="0.309">
  <properties/>
  <testcase name="unknownKeys_areIgnored_notCrash" classname="com.example.familyphotoframe.data.settings.AppSettingsSerializerTest" time="0.252"/>
  <testcase name="newInstallDefaultsToFolderBalancedShuffle" classname="com.example.familyphotoframe.data.settings.AppSettingsSerializerTest" time="0.0"/>
  <testcase name="roundTrip_preservesValues" classname="com.example.familyphotoframe.data.settings.AppSettingsSerializerTest" time="0.038"/>
  <testcase name="explicitSequentialAndExistingModesAreNotMigrated" classname="com.example.familyphotoframe.data.settings.AppSettingsSerializerTest" time="0.001"/>
  <testcase name="legacyDefaultFilters_gainIphoneFormats" classname="com.example.familyphotoframe.data.settings.AppSettingsSerializerTest" time="0.003"/>
  <testcase name="defaultValue_hasSchemaVersion2" classname="com.example.familyphotoframe.data.settings.AppSettingsSerializerTest" time="0.001"/>
  <testcase name="legacyRandomMigratesOnceToGlobalNoRepeat" classname="com.example.familyphotoframe.data.settings.AppSettingsSerializerTest" time="0.006"/>
  <testcase name="intervalClamp_isApplied" classname="com.example.familyphotoframe.data.settings.AppSettingsSerializerTest" time="0.001"/>
  <testcase name="defaults_includeIphoneHeicAndHeif" classname="com.example.familyphotoframe.data.settings.AppSettingsSerializerTest" time="0.0"/>
  <testcase name="legacySettingsGainSafeTransitionDefaults" classname="com.example.familyphotoframe.data.settings.AppSettingsSerializerTest" time="0.002"/>
  <testcase name="customFilters_areNotOverwrittenByDefaultMigration" classname="com.example.familyphotoframe.data.settings.AppSettingsSerializerTest" time="0.001"/>
  <system-out><![CDATA[]]></system-out>
  <system-err><![CDATA[]]></system-err>
</testsuite>
