<?xml version="1.0" encoding="UTF-8"?>
<testsuite name="com.example.familyphotoframe.slideshow.shuffle.SourceAvailabilityTrackerTest" tests="1" skipped="0" failures="0" errors="0" timestamp="2026-08-12T18:54:04" hostname="runnervmvrwv9" time="0.001">
  <properties/>
  <testcase name="backoffIsBoundedAndRecoveryClearsState" classname="com.example.familyphotoframe.slideshow.shuffle.SourceAvailabilityTrackerTest" time="0.001"/>
  <system-out><![CDATA[]]></system-out>
  <system-err><![CDATA[]]></system-err>
</testsuite>
