<?xml version="1.0" encoding="UTF-8"?>
<testsuite name="com.example.familyphotoframe.data.settings.MergedSourcePoolTest" tests="5" skipped="0" failures="0" errors="0" timestamp="2026-08-15T06:27:18" hostname="runnervmzvulz" time="0.002">
  <properties/>
  <testcase name="alsoPlayDefaultsToEmptySoBehaviourIsUnchangedOnUpgrade" classname="com.example.familyphotoframe.data.settings.MergedSourcePoolTest" time="0.0"/>
  <testcase name="switchingChosenKindKeepsEveryOtherSourceConfigured" classname="com.example.familyphotoframe.data.settings.MergedSourcePoolTest" time="0.0"/>
  <testcase name="coPrimariesAreStoredAlongsideTheChosenKind" classname="com.example.familyphotoframe.data.settings.MergedSourcePoolTest" time="0.0"/>
  <testcase name="exportImportRoundTripPreservesCoPrimaries" classname="com.example.familyphotoframe.data.settings.MergedSourcePoolTest" time="0.0"/>
  <testcase name="chosenKindIsExcludedFromCoPrimaries" classname="com.example.familyphotoframe.data.settings.MergedSourcePoolTest" time="0.001"/>
  <system-out><![CDATA[]]></system-out>
  <system-err><![CDATA[]]></system-err>
</testsuite>
