<?xml version="1.0" encoding="UTF-8"?>
<testsuite name="com.example.familyphotoframe.domain.engine.PortraitCollagePolicyTest" tests="22" skipped="0" failures="0" errors="0" timestamp="2026-08-15T06:27:22" hostname="runnervmzvulz" time="0.061">
  <properties/>
  <testcase name="lllIsAvailableAsFallback" classname="com.example.familyphotoframe.domain.engine.PortraitCollagePolicyTest" time="0.002"/>
  <testcase name="twelveCandidatePoolEvaluatesAllSixtySixThreePhotoCombinations" classname="com.example.familyphotoframe.domain.engine.PortraitCollagePolicyTest" time="0.02"/>
  <testcase name="enoughSameFolderPortraitsBeatLandscapeCandidates" classname="com.example.familyphotoframe.domain.engine.PortraitCollagePolicyTest" time="0.002"/>
  <testcase name="automaticUsesTwoWhenThreeHasWorseVisualLoss" classname="com.example.familyphotoframe.domain.engine.PortraitCollagePolicyTest" time="0.0"/>
  <testcase name="sameFolderMixedBeatsCrossFolderPortraitOnly" classname="com.example.familyphotoframe.domain.engine.PortraitCollagePolicyTest" time="0.001"/>
  <testcase name="allLayoutGeometryCoversTheScreenWithoutPolicyGaps" classname="com.example.familyphotoframe.domain.engine.PortraitCollagePolicyTest" time="0.0"/>
  <testcase name="laterBetterCandidatesBeatPoorEarlyCandidates" classname="com.example.familyphotoframe.domain.engine.PortraitCollagePolicyTest" time="0.004"/>
  <testcase name="preferThreeMaxTwoReportsEffectiveLimit" classname="com.example.familyphotoframe.domain.engine.PortraitCollagePolicyTest" time="0.0"/>
  <testcase name="offOrNoCompanionReturnsNull" classname="com.example.familyphotoframe.domain.engine.PortraitCollagePolicyTest" time="0.002"/>
  <testcase name="pplUsesAdaptiveLayout" classname="com.example.familyphotoframe.domain.engine.PortraitCollagePolicyTest" time="0.001"/>
  <testcase name="automaticUsesThreeWhenItFitsSubstantiallyBetter" classname="com.example.familyphotoframe.domain.engine.PortraitCollagePolicyTest" time="0.0"/>
  <testcase name="alwaysTwoSelectsExactlyTwoPhotos" classname="com.example.familyphotoframe.domain.engine.PortraitCollagePolicyTest" time="0.004"/>
  <testcase name="tileFitLossMatchesRetainedFractionDefinition" classname="com.example.familyphotoframe.domain.engine.PortraitCollagePolicyTest" time="0.0"/>
  <testcase name="orientationClassificationAndExifRotationRemainStable" classname="com.example.familyphotoframe.domain.engine.PortraitCollagePolicyTest" time="0.0"/>
  <testcase name="unseenNearEquivalentCandidateBeatsRecentlyShownCandidate" classname="com.example.familyphotoframe.domain.engine.PortraitCollagePolicyTest" time="0.001"/>
  <testcase name="squareCandidateCanParticipateWhenNeeded" classname="com.example.familyphotoframe.domain.engine.PortraitCollagePolicyTest" time="0.0"/>
  <testcase name="bestTwoPhotoLayoutIsEvaluatedAcrossPool" classname="com.example.familyphotoframe.domain.engine.PortraitCollagePolicyTest" time="0.0"/>
  <testcase name="automaticMaxTwoDoesNotClaimThreeWasCompared" classname="com.example.familyphotoframe.domain.engine.PortraitCollagePolicyTest" time="0.0"/>
  <testcase name="preferThreeUsesSameFolderMixedWhenPortraitsAreInsufficient" classname="com.example.familyphotoframe.domain.engine.PortraitCollagePolicyTest" time="0.001"/>
  <testcase name="pllUsesStackedMixedLayout" classname="com.example.familyphotoframe.domain.engine.PortraitCollagePolicyTest" time="0.0"/>
  <testcase name="compatibilityChooseLayoutRetainsLegacyPortraitBehaviour" classname="com.example.familyphotoframe.domain.engine.PortraitCollagePolicyTest" time="0.002"/>
  <testcase name="deterministicInputAlwaysProducesSameDecision" classname="com.example.familyphotoframe.domain.engine.PortraitCollagePolicyTest" time="0.021"/>
  <system-out><![CDATA[]]></system-out>
  <system-err><![CDATA[]]></system-err>
</testsuite>
