<?xml version="1.0" encoding="UTF-8"?>
<testsuite name="com.example.familyphotoframe.util.ImageMemoryBudgetTest" tests="2" skipped="0" failures="0" errors="0" timestamp="2026-08-07T04:51:49" hostname="aleksu-Vostro-5471" time="0.001">
  <properties/>
  <testcase name="cacheIsBoundedAtBothEnds" classname="com.example.familyphotoframe.util.ImageMemoryBudgetTest" time="0.001"/>
  <testcase name="lowMemoryFrameUsesTenPercentOfHeap" classname="com.example.familyphotoframe.util.ImageMemoryBudgetTest" time="0.0"/>
  <system-out><![CDATA[]]></system-out>
  <system-err><![CDATA[]]></system-err>
</testsuite>
