<?xml version="1.0" encoding="UTF-8"?>
<testsuite name="com.example.familyphotoframe.web.BoundedHttpAsyncRunnerTest" tests="1" skipped="0" failures="0" errors="0" timestamp="2026-08-12T18:54:04" hostname="runnervmvrwv9" time="0.019">
  <properties/>
  <testcase name="saturatedRunnerRejectsWithoutExceedingWorkerAndQueueBounds" classname="com.example.familyphotoframe.web.BoundedHttpAsyncRunnerTest" time="0.019"/>
  <system-out><![CDATA[]]></system-out>
  <system-err><![CDATA[]]></system-err>
</testsuite>
