<?xml version="1.0" encoding="UTF-8"?>
<testsuite name="com.example.familyphotoframe.web.RememberedBrowserExpiryTest" tests="4" skipped="0" failures="0" errors="0" timestamp="2026-08-12T18:54:04" hostname="runnervmvrwv9" time="0.003">
  <properties/>
  <testcase name="oneYearHandlesLeapDay" classname="com.example.familyphotoframe.web.RememberedBrowserExpiryTest" time="0.002"/>
  <testcase name="foreverRequiresConfirmation" classname="com.example.familyphotoframe.web.RememberedBrowserExpiryTest" time="0.001"/>
  <testcase name="customDurationRejectsLessThanTenMinutes" classname="com.example.familyphotoframe.web.RememberedBrowserExpiryTest" time="0.0"/>
  <testcase name="oneMonthUsesCalendarArithmeticAtMonthEnd" classname="com.example.familyphotoframe.web.RememberedBrowserExpiryTest" time="0.0"/>
  <system-out><![CDATA[]]></system-out>
  <system-err><![CDATA[]]></system-err>
</testsuite>
