<?xml version="1.0" encoding="UTF-8"?>
<testsuite name="com.example.familyphotoframe.slideshow.shuffle.ShuffleCycleGeneratorTest" tests="5" skipped="0" failures="0" errors="0" timestamp="2026-08-07T04:51:48" hostname="aleksu-Vostro-5471" time="0.004">
  <properties/>
  <testcase name="boundaryRepeat_isAvoidedWhenPossible" classname="com.example.familyphotoframe.slideshow.shuffle.ShuffleCycleGeneratorTest" time="0.002"/>
  <testcase name="oneItemCycle_isPredictable" classname="com.example.familyphotoframe.slideshow.shuffle.ShuffleCycleGeneratorTest" time="0.0"/>
  <testcase name="mergeRemaining_insertsNewItemsOnceWithoutReorderingExisting" classname="com.example.familyphotoframe.slideshow.shuffle.ShuffleCycleGeneratorTest" time="0.0"/>
  <testcase name="mergeRemaining_isIdempotentWhenNothingIsNew" classname="com.example.familyphotoframe.slideshow.shuffle.ShuffleCycleGeneratorTest" time="0.0"/>
  <testcase name="generatedCycle_containsEveryItemExactlyOnce" classname="com.example.familyphotoframe.slideshow.shuffle.ShuffleCycleGeneratorTest" time="0.001"/>
  <system-out><![CDATA[]]></system-out>
  <system-err><![CDATA[]]></system-err>
</testsuite>
