<?xml version="1.0" encoding="UTF-8"?>
<testsuite name="com.example.familyphotoframe.web.WebUiContractTest" tests="2" skipped="0" failures="0" errors="0" timestamp="2026-08-07T04:51:53" hostname="aleksu-Vostro-5471" time="0.011">
  <properties/>
  <testcase name="assetsContainResponsiveAccessibleAndLowOverheadContracts" classname="com.example.familyphotoframe.web.WebUiContractTest" time="0.01"/>
  <testcase name="shellContainsAllTopLevelTabsAndExternalAssets" classname="com.example.familyphotoframe.web.WebUiContractTest" time="0.001"/>
  <system-out><![CDATA[]]></system-out>
  <system-err><![CDATA[]]></system-err>
</testsuite>
