<?xml version="1.0" encoding="UTF-8"?>
<testsuite name="com.example.familyphotoframe.slideshow.shuffle.FolderIdentityTest" tests="2" skipped="0" failures="0" errors="0" timestamp="2026-08-15T06:27:23" hostname="runnervmzvulz" time="0.001">
  <properties/>
  <testcase name="equalPathsFromDifferentSourcesRemainDistinct" classname="com.example.familyphotoframe.slideshow.shuffle.FolderIdentityTest" time="0.001"/>
  <testcase name="directParentDirectoryDefinesFolder" classname="com.example.familyphotoframe.slideshow.shuffle.FolderIdentityTest" time="0.0"/>
  <system-out><![CDATA[]]></system-out>
  <system-err><![CDATA[]]></system-err>
</testsuite>
