<?xml version="1.0" encoding="UTF-8"?>
<testsuite name="com.example.familyphotoframe.ui.slideshow.transition.TransitionModelTest" tests="5" skipped="0" failures="0" errors="0" timestamp="2026-08-15T06:27:23" hostname="runnervmzvulz" time="0.034">
  <properties/>
  <testcase name="opacityNeverExposesTheApplicationBackground" classname="com.example.familyphotoframe.ui.slideshow.transition.TransitionModelTest" time="0.028"/>
  <testcase name="softFocusLayersNeverExposeTheApplicationBackground" classname="com.example.familyphotoframe.ui.slideshow.transition.TransitionModelTest" time="0.005"/>
  <testcase name="durationUsesEffectMultiplierAndBounds" classname="com.example.familyphotoframe.ui.slideshow.transition.TransitionModelTest" time="0.0"/>
  <testcase name="everyImplementedEffectFinishesNeutralAndFullyVisible" classname="com.example.familyphotoframe.ui.slideshow.transition.TransitionModelTest" time="0.001"/>
  <testcase name="transitionProgressProducesValidAlphaRange" classname="com.example.familyphotoframe.ui.slideshow.transition.TransitionModelTest" time="0.0"/>
  <system-out><![CDATA[]]></system-out>
  <system-err><![CDATA[]]></system-err>
</testsuite>
