<?xml version="1.0" encoding="UTF-8"?>
<testsuite name="com.example.familyphotoframe.slideshow.shuffle.ShuffleScopeKeyFactoryTest" tests="3" skipped="0" failures="0" errors="0" timestamp="2026-08-07T04:51:48" hostname="aleksu-Vostro-5471" time="0.006">
  <properties/>
  <testcase name="runtimeCacheMode_doesNotChangeEligibilityRevision" classname="com.example.familyphotoframe.slideshow.shuffle.ShuffleScopeKeyFactoryTest" time="0.002"/>
  <testcase name="eligibilityChanges_changeRevision" classname="com.example.familyphotoframe.slideshow.shuffle.ShuffleScopeKeyFactoryTest" time="0.002"/>
  <testcase name="playbackModes_haveIndependentScopes" classname="com.example.familyphotoframe.slideshow.shuffle.ShuffleScopeKeyFactoryTest" time="0.002"/>
  <system-out><![CDATA[]]></system-out>
  <system-err><![CDATA[]]></system-err>
</testsuite>
