<?xml version="1.0" encoding="UTF-8"?>
<testsuite name="com.example.familyphotoframe.web.WebSecurityTest" tests="12" skipped="0" failures="0" errors="0" timestamp="2026-08-12T18:54:06" hostname="runnervmvrwv9" time="0.529">
  <properties/>
  <testcase name="unknownTokenIsNotAuthenticated" classname="com.example.familyphotoframe.web.WebSecurityTest" time="0.03"/>
  <testcase name="pinIsGeneratedAndPairsOnce" classname="com.example.familyphotoframe.web.WebSecurityTest" time="0.037"/>
  <testcase name="repeatedFailuresLockOut" classname="com.example.familyphotoframe.web.WebSecurityTest" time="0.092"/>
  <testcase name="activityRefreshesIdleDeadline" classname="com.example.familyphotoframe.web.WebSecurityTest" time="0.026"/>
  <testcase name="stateChangeRequiresMatchingCsrfToken" classname="com.example.familyphotoframe.web.WebSecurityTest" time="0.027"/>
  <testcase name="recentSessionActivityCanGatePreviewGeneration" classname="com.example.familyphotoframe.web.WebSecurityTest" time="0.045"/>
  <testcase name="regeneratingPinInvalidatesExistingSessions" classname="com.example.familyphotoframe.web.WebSecurityTest" time="0.1"/>
  <testcase name="rememberedBrowserKeepsAtMostTwoActiveSessions" classname="com.example.familyphotoframe.web.WebSecurityTest" time="0.001"/>
  <testcase name="sessionExpiresAfterIdleTimeout" classname="com.example.familyphotoframe.web.WebSecurityTest" time="0.061"/>
  <testcase name="rememberedSessionHasAbsoluteLifetime" classname="com.example.familyphotoframe.web.WebSecurityTest" time="0.0"/>
  <testcase name="wrongPinIsRejected" classname="com.example.familyphotoframe.web.WebSecurityTest" time="0.056"/>
  <testcase name="resetRevokesEverything" classname="com.example.familyphotoframe.web.WebSecurityTest" time="0.05"/>
  <system-out><![CDATA[]]></system-out>
  <system-err><![CDATA[]]></system-err>
</testsuite>
