<?xml version="1.0" encoding="UTF-8"?>
<testsuite name="com.example.familyphotoframe.ui.slideshow.transition.TransitionSelectorTest" tests="5" skipped="0" failures="0" errors="0" timestamp="2026-08-07T04:51:49" hostname="aleksu-Vostro-5471" time="0.02">
  <properties/>
  <testcase name="advancedEffectsUseSpecifiedFallbackChains" classname="com.example.familyphotoframe.ui.slideshow.transition.TransitionSelectorTest" time="0.002"/>
  <testcase name="ambientRandomDoesNotRepeatAndLimitsMotionHeavyRuns" classname="com.example.familyphotoframe.ui.slideshow.transition.TransitionSelectorTest" time="0.015"/>
  <testcase name="lowPerformanceForcesCrossfade" classname="com.example.familyphotoframe.ui.slideshow.transition.TransitionSelectorTest" time="0.0"/>
  <testcase name="reducedMotionUsesOnlyOpacityEffects" classname="com.example.familyphotoframe.ui.slideshow.transition.TransitionSelectorTest" time="0.001"/>
  <testcase name="seededSelectorsAreDeterministicIncludingDirection" classname="com.example.familyphotoframe.ui.slideshow.transition.TransitionSelectorTest" time="0.001"/>
  <system-out><![CDATA[]]></system-out>
  <system-err><![CDATA[]]></system-err>
</testsuite>
