<?xml version="1.0" encoding="UTF-8"?>
<testsuite name="com.example.familyphotoframe.domain.engine.MemorySelfRecoveryPolicyTest" tests="2" skipped="0" failures="0" errors="0" timestamp="2026-08-07T04:51:48" hostname="aleksu-Vostro-5471" time="0.002">
  <properties/>
  <testcase name="recoveryOrStaleOomCancelsWatchdog" classname="com.example.familyphotoframe.domain.engine.MemorySelfRecoveryPolicyTest" time="0.002"/>
  <testcase name="pinnedPostOomHeapGetsGcThenOneRestartRequest" classname="com.example.familyphotoframe.domain.engine.MemorySelfRecoveryPolicyTest" time="0.0"/>
  <system-out><![CDATA[]]></system-out>
  <system-err><![CDATA[]]></system-err>
</testsuite>
