<?xml version="1.0" encoding="UTF-8"?>
<testsuite name="com.example.familyphotoframe.domain.randomize.FolderCycleQueueTest" tests="3" skipped="0" failures="0" errors="0" timestamp="2026-08-15T06:27:22" hostname="runnervmzvulz" time="0.009">
  <properties/>
  <testcase name="rescanPreservesCurrentFolderCycle" classname="com.example.familyphotoframe.domain.randomize.FolderCycleQueueTest" time="0.007"/>
  <testcase name="firstCycleVisitsAll106FoldersExactlyOnce" classname="com.example.familyphotoframe.domain.randomize.FolderCycleQueueTest" time="0.001"/>
  <testcase name="cycleSeamDoesNotRepeatFolder" classname="com.example.familyphotoframe.domain.randomize.FolderCycleQueueTest" time="0.001"/>
  <system-out><![CDATA[]]></system-out>
  <system-err><![CDATA[]]></system-err>
</testsuite>
