<?xml version="1.0" encoding="UTF-8"?>
<testsuite name="com.example.familyphotoframe.util.ImageMemoryBudgetTest" tests="2" skipped="0" failures="0" errors="0" timestamp="2026-08-12T18:54:04" hostname="runnervmvrwv9" time="0.0">
  <properties/>
  <testcase name="cacheIsBoundedAtBothEnds" classname="com.example.familyphotoframe.util.ImageMemoryBudgetTest" time="0.0"/>
  <testcase name="lowMemoryFrameUsesTenPercentOfHeap" classname="com.example.familyphotoframe.util.ImageMemoryBudgetTest" time="0.0"/>
  <system-out><![CDATA[]]></system-out>
  <system-err><![CDATA[]]></system-err>
</testsuite>
