<?xml version="1.0" encoding="UTF-8"?>
<testsuite name="com.example.familyphotoframe.data.index.ScanMergePolicyTest" tests="2" skipped="0" failures="0" errors="0" timestamp="2026-08-12T18:54:00" hostname="runnervmvrwv9" time="0.004">
  <properties/>
  <testcase name="sameContentPreservesRuntimeAndBackfilledState" classname="com.example.familyphotoframe.data.index.ScanMergePolicyTest" time="0.004"/>
  <testcase name="replacedBytesResetContentDependentStateOnly" classname="com.example.familyphotoframe.data.index.ScanMergePolicyTest" time="0.0"/>
  <system-out><![CDATA[]]></system-out>
  <system-err><![CDATA[]]></system-err>
</testsuite>
