<?xml version="1.0" encoding="UTF-8"?>
<testsuite name="com.example.familyphotoframe.data.source.WebDavApiTest" tests="10" skipped="0" failures="0" errors="0" timestamp="2026-08-12T18:54:03" hostname="runnervmvrwv9" time="0.62">
  <properties/>
  <testcase name="streamedParserRejectsTruncatedAndOversizedResponses" classname="com.example.familyphotoframe.data.source.WebDavApiTest" time="0.024"/>
  <testcase name="percentEncodesNonAsciiBytes" classname="com.example.familyphotoframe.data.source.WebDavApiTest" time="0.0"/>
  <testcase name="redactsCredentialsButNotAtSignsInPaths" classname="com.example.familyphotoframe.data.source.WebDavApiTest" time="0.0"/>
  <testcase name="streamedParserEnforcesWireLimit" classname="com.example.familyphotoframe.data.source.WebDavApiTest" time="0.0"/>
  <testcase name="toleratesForeignNamespacePrefixes" classname="com.example.familyphotoframe.data.source.WebDavApiTest" time="0.002"/>
  <testcase name="distinguishesBadCredentialsFromInsufficientPermission" classname="com.example.familyphotoframe.data.source.WebDavApiTest" time="0.0"/>
  <testcase name="streamedParserYieldsEntriesAndCompletesValidRoot" classname="com.example.familyphotoframe.data.source.WebDavApiTest" time="0.586"/>
  <testcase name="nonMultistatusPayloadIsRejectedRatherThanTreatedAsEmpty" classname="com.example.familyphotoframe.data.source.WebDavApiTest" time="0.001"/>
  <testcase name="parsesNextcloudListingAndDropsTheCollectionItself" classname="com.example.familyphotoframe.data.source.WebDavApiTest" time="0.001"/>
  <testcase name="normalizesUrlsAndDefaultsToHttps" classname="com.example.familyphotoframe.data.source.WebDavApiTest" time="0.0"/>
  <system-out><![CDATA[]]></system-out>
  <system-err><![CDATA[]]></system-err>
</testsuite>
