<?xml version="1.0" encoding="UTF-8"?>
<testsuite name="com.example.familyphotoframe.data.diagnostics.DiagnosticsLogTest" tests="2" skipped="0" failures="0" errors="0" timestamp="2026-08-12T18:54:00" hostname="runnervmvrwv9" time="0.088">
  <properties/>
  <testcase name="durableBundleStreamsQueuedEvents" classname="com.example.familyphotoframe.data.diagnostics.DiagnosticsLogTest" time="0.07"/>
  <testcase name="boundedWriterRecordsQueueOverflow" classname="com.example.familyphotoframe.data.diagnostics.DiagnosticsLogTest" time="0.015"/>
  <system-out><![CDATA[]]></system-out>
  <system-err><![CDATA[]]></system-err>
</testsuite>
