<?xml version="1.0" encoding="UTF-8"?>
<testsuite name="com.example.familyphotoframe.data.index.ScanMergePolicyTest" tests="2" skipped="0" failures="0" errors="0" timestamp="2026-08-15T06:27:18" hostname="runnervmzvulz" time="0.001">
  <properties/>
  <testcase name="sameContentPreservesRuntimeAndBackfilledState" classname="com.example.familyphotoframe.data.index.ScanMergePolicyTest" time="0.001"/>
  <testcase name="replacedBytesResetContentDependentStateOnly" classname="com.example.familyphotoframe.data.index.ScanMergePolicyTest" time="0.0"/>
  <system-out><![CDATA[]]></system-out>
  <system-err><![CDATA[]]></system-err>
</testsuite>
