<?xml version="1.0" encoding="UTF-8"?>
<testsuite name="com.example.familyphotoframe.domain.randomize.LeastRecentRandomTest" tests="4" skipped="0" failures="0" errors="0" timestamp="2026-08-07T04:51:48" hostname="aleksu-Vostro-5471" time="0.004">
  <properties/>
  <testcase name="picksWithinWindow" classname="com.example.familyphotoframe.domain.randomize.LeastRecentRandomTest" time="0.003"/>
  <testcase name="avoidsBackToBackRepeat_whenAlternativesExist" classname="com.example.familyphotoframe.domain.randomize.LeastRecentRandomTest" time="0.0"/>
  <testcase name="singleItem_returnsIt_evenIfCurrent" classname="com.example.familyphotoframe.domain.randomize.LeastRecentRandomTest" time="0.001"/>
  <testcase name="emptyWindow_returnsNull" classname="com.example.familyphotoframe.domain.randomize.LeastRecentRandomTest" time="0.0"/>
  <system-out><![CDATA[]]></system-out>
  <system-err><![CDATA[]]></system-err>
</testsuite>
