<?xml version="1.0" encoding="UTF-8"?>
<testsuite name="com.example.familyphotoframe.util.ImageFormatSupportTest" tests="4" skipped="0" failures="0" errors="0" timestamp="2026-08-12T18:54:04" hostname="runnervmvrwv9" time="0.001">
  <properties/>
  <testcase name="blocksHeifBeforeAndroidEight" classname="com.example.familyphotoframe.util.ImageFormatSupportTest" time="0.0"/>
  <testcase name="detectsHeifByExtensionCaseInsensitively" classname="com.example.familyphotoframe.util.ImageFormatSupportTest" time="0.001"/>
  <testcase name="ordinaryImagesRemainPlayableOnOldFrames" classname="com.example.familyphotoframe.util.ImageFormatSupportTest" time="0.0"/>
  <testcase name="detectsHeifByMimeTypeWhenExtensionIsMissing" classname="com.example.familyphotoframe.util.ImageFormatSupportTest" time="0.0"/>
  <system-out><![CDATA[]]></system-out>
  <system-err><![CDATA[]]></system-err>
</testsuite>
