<?xml version="1.0" encoding="UTF-8"?>
<testsuite name="com.example.familyphotoframe.data.settings.AppSettingsSerializerTest" tests="11" skipped="0" failures="0" errors="0" timestamp="2026-08-12T18:54:00" hostname="runnervmvrwv9" time="0.235">
  <properties/>
  <testcase name="unknownKeys_areIgnored_notCrash" classname="com.example.familyphotoframe.data.settings.AppSettingsSerializerTest" time="0.203"/>
  <testcase name="newInstallDefaultsToFolderBalancedShuffle" classname="com.example.familyphotoframe.data.settings.AppSettingsSerializerTest" time="0.0"/>
  <testcase name="roundTrip_preservesValues" classname="com.example.familyphotoframe.data.settings.AppSettingsSerializerTest" time="0.025"/>
  <testcase name="explicitSequentialAndExistingModesAreNotMigrated" classname="com.example.familyphotoframe.data.settings.AppSettingsSerializerTest" time="0.0"/>
  <testcase name="legacyDefaultFilters_gainIphoneFormats" classname="com.example.familyphotoframe.data.settings.AppSettingsSerializerTest" time="0.001"/>
  <testcase name="defaultValue_hasSchemaVersion2" classname="com.example.familyphotoframe.data.settings.AppSettingsSerializerTest" time="0.0"/>
  <testcase name="legacyRandomMigratesOnceToGlobalNoRepeat" classname="com.example.familyphotoframe.data.settings.AppSettingsSerializerTest" time="0.0"/>
  <testcase name="intervalClamp_isApplied" classname="com.example.familyphotoframe.data.settings.AppSettingsSerializerTest" time="0.001"/>
  <testcase name="defaults_includeIphoneHeicAndHeif" classname="com.example.familyphotoframe.data.settings.AppSettingsSerializerTest" time="0.003"/>
  <testcase name="legacySettingsGainSafeTransitionDefaults" classname="com.example.familyphotoframe.data.settings.AppSettingsSerializerTest" time="0.001"/>
  <testcase name="customFilters_areNotOverwrittenByDefaultMigration" classname="com.example.familyphotoframe.data.settings.AppSettingsSerializerTest" time="0.0"/>
  <system-out><![CDATA[]]></system-out>
  <system-err><![CDATA[]]></system-err>
</testsuite>
