<?xml version="1.0" encoding="UTF-8"?>
<testsuite name="com.example.familyphotoframe.web.WebConfigServerSecurityTest" tests="20" skipped="0" failures="0" errors="0" timestamp="2026-08-12T18:54:04" hostname="runnervmvrwv9" time="1.41">
  <properties/>
  <testcase name="stateChangeWithSessionAndCsrfSucceeds" classname="com.example.familyphotoframe.web.WebConfigServerSecurityTest" time="0.212"/>
  <testcase name="versionedSettingsRequireAuthenticationAndCsrf" classname="com.example.familyphotoframe.web.WebConfigServerSecurityTest" time="0.127"/>
  <testcase name="qrTokenPairsOnceThenIsConsumed" classname="com.example.familyphotoframe.web.WebConfigServerSecurityTest" time="0.049"/>
  <testcase name="stateChangeWithoutCsrfIsRejected" classname="com.example.familyphotoframe.web.WebConfigServerSecurityTest" time="0.076"/>
  <testcase name="staticAssetsArePublicButPreviewRequiresPairing" classname="com.example.familyphotoframe.web.WebConfigServerSecurityTest" time="0.074"/>
  <testcase name="browserKeepAliveSocketsCannotStarveBoundedWorkers" classname="com.example.familyphotoframe.web.WebConfigServerSecurityTest" time="0.132"/>
  <testcase name="forgedSessionTokenIsRejected" classname="com.example.familyphotoframe.web.WebConfigServerSecurityTest" time="0.072"/>
  <testcase name="staleSettingsRevisionIsRejectedStructurally" classname="com.example.familyphotoframe.web.WebConfigServerSecurityTest" time="0.07"/>
  <testcase name="unauthenticated_cannotReadStatusOrDiagnostics" classname="com.example.familyphotoframe.web.WebConfigServerSecurityTest" time="0.042"/>
  <testcase name="setupPageIsServedWithoutAuth" classname="com.example.familyphotoframe.web.WebConfigServerSecurityTest" time="0.017"/>
  <testcase name="logoutRevokesTheSession" classname="com.example.familyphotoframe.web.WebConfigServerSecurityTest" time="0.072"/>
  <testcase name="unauthenticated_cannotWriteConfig" classname="com.example.familyphotoframe.web.WebConfigServerSecurityTest" time="0.046"/>
  <testcase name="correctPinGrantsAccess" classname="com.example.familyphotoframe.web.WebConfigServerSecurityTest" time="0.029"/>
  <testcase name="wrongPinIsRejected" classname="com.example.familyphotoframe.web.WebConfigServerSecurityTest" time="0.065"/>
  <testcase name="unauthenticated_cannotReadConfig" classname="com.example.familyphotoframe.web.WebConfigServerSecurityTest" time="0.038"/>
  <testcase name="configResponseContainsNoSecrets" classname="com.example.familyphotoframe.web.WebConfigServerSecurityTest" time="0.074"/>
  <testcase name="stateChangeWithWrongCsrfIsRejected" classname="com.example.familyphotoframe.web.WebConfigServerSecurityTest" time="0.051"/>
  <testcase name="unauthenticated_cannotControlTheFrame" classname="com.example.familyphotoframe.web.WebConfigServerSecurityTest" time="0.017"/>
  <testcase name="crossSiteOriginIsRejected" classname="com.example.familyphotoframe.web.WebConfigServerSecurityTest" time="0.065"/>
  <testcase name="authenticatedDiagnosticsBundleIsStreamedCompletely" classname="com.example.familyphotoframe.web.WebConfigServerSecurityTest" time="0.076"/>
  <system-out><![CDATA[]]></system-out>
  <system-err><![CDATA[]]></system-err>
</testsuite>
