<?xml version="1.0" encoding="UTF-8"?>
<testsuite name="com.example.familyphotoframe.data.source.SourceErrorMapperTest" tests="9" skipped="0" failures="0" errors="0" timestamp="2026-08-15T06:27:21" hostname="runnervmzvulz" time="0.012">
  <properties/>
  <testcase name="deeplyWrappedTimeout_isUnavailable" classname="com.example.familyphotoframe.data.source.SourceErrorMapperTest" time="0.004"/>
  <testcase name="unknown_isFallback" classname="com.example.familyphotoframe.data.source.SourceErrorMapperTest" time="0.0"/>
  <testcase name="shareNotFound_reportsSourceMissingHealth" classname="com.example.familyphotoframe.data.source.SourceErrorMapperTest" time="0.001"/>
  <testcase name="ntStatusMessages_mapByText" classname="com.example.familyphotoframe.data.source.SourceErrorMapperTest" time="0.0"/>
  <testcase name="toHealth_classifies" classname="com.example.familyphotoframe.data.source.SourceErrorMapperTest" time="0.0"/>
  <testcase name="networkTypes_mapByException" classname="com.example.familyphotoframe.data.source.SourceErrorMapperTest" time="0.001"/>
  <testcase name="shareLevelMisses_outrankFileLevelMisses" classname="com.example.familyphotoframe.data.source.SourceErrorMapperTest" time="0.0"/>
  <testcase name="deeplyWrappedTransportCause_isInspected" classname="com.example.familyphotoframe.data.source.SourceErrorMapperTest" time="0.0"/>
  <testcase name="wrappedCause_isInspected" classname="com.example.familyphotoframe.data.source.SourceErrorMapperTest" time="0.0"/>
  <system-out><![CDATA[]]></system-out>
  <system-err><![CDATA[]]></system-err>
</testsuite>
