<?xml version="1.0" encoding="UTF-8"?>
<testsuite name="com.example.familyphotoframe.ui.slideshow.transition.TransitionModelTest" tests="5" skipped="0" failures="0" errors="0" timestamp="2026-08-07T04:51:48" hostname="aleksu-Vostro-5471" time="0.021">
  <properties/>
  <testcase name="opacityNeverExposesTheApplicationBackground" classname="com.example.familyphotoframe.ui.slideshow.transition.TransitionModelTest" time="0.019"/>
  <testcase name="softFocusLayersNeverExposeTheApplicationBackground" classname="com.example.familyphotoframe.ui.slideshow.transition.TransitionModelTest" time="0.0"/>
  <testcase name="durationUsesEffectMultiplierAndBounds" classname="com.example.familyphotoframe.ui.slideshow.transition.TransitionModelTest" time="0.001"/>
  <testcase name="everyImplementedEffectFinishesNeutralAndFullyVisible" classname="com.example.familyphotoframe.ui.slideshow.transition.TransitionModelTest" time="0.0"/>
  <testcase name="transitionProgressProducesValidAlphaRange" classname="com.example.familyphotoframe.ui.slideshow.transition.TransitionModelTest" time="0.001"/>
  <system-out><![CDATA[]]></system-out>
  <system-err><![CDATA[]]></system-err>
</testsuite>
