<?xml version="1.0" encoding="UTF-8"?>
<testsuite name="com.example.familyphotoframe.util.StableIdTest" tests="4" skipped="0" failures="0" errors="0" timestamp="2026-08-12T18:54:04" hostname="runnervmvrwv9" time="0.0">
  <properties/>
  <testcase name="is32HexChars" classname="com.example.familyphotoframe.util.StableIdTest" time="0.0"/>
  <testcase name="changes_whenAnyComponentChanges" classname="com.example.familyphotoframe.util.StableIdTest" time="0.0"/>
  <testcase name="supportedFormats_acceptByExtensionOrMime" classname="com.example.familyphotoframe.util.StableIdTest" time="0.0"/>
  <testcase name="deterministic_forSameInputs" classname="com.example.familyphotoframe.util.StableIdTest" time="0.0"/>
  <system-out><![CDATA[]]></system-out>
  <system-err><![CDATA[]]></system-err>
</testsuite>
