<?xml version="1.0" encoding="UTF-8"?>
<testsuite name="com.example.familyphotoframe.data.settings.SourceAndCredentialPolicyTest" tests="3" skipped="0" failures="0" errors="0" timestamp="2026-08-07T04:51:47" hostname="aleksu-Vostro-5471" time="0.014">
  <properties/>
  <testcase name="synologyCredentialReferenceIsStableButAccountScoped" classname="com.example.familyphotoframe.data.settings.SourceAndCredentialPolicyTest" time="0.012"/>
  <testcase name="smbCredentialReferenceIsStableButAccountScoped" classname="com.example.familyphotoframe.data.settings.SourceAndCredentialPolicyTest" time="0.001"/>
  <testcase name="onlyRemoteSourcesRequireMediaCache" classname="com.example.familyphotoframe.data.settings.SourceAndCredentialPolicyTest" time="0.001"/>
  <system-out><![CDATA[]]></system-out>
  <system-err><![CDATA[]]></system-err>
</testsuite>
