<?xml version="1.0" encoding="UTF-8"?>
<testsuite name="com.example.familyphotoframe.data.source.WebDavPhotoSourceTest" tests="2" skipped="0" failures="0" errors="0" timestamp="2026-08-12T18:54:04" hostname="runnervmvrwv9" time="0.062">
  <properties/>
  <testcase name="malformedListingClosesResponseAndReportsError" classname="com.example.familyphotoframe.data.source.WebDavPhotoSourceTest" time="0.055"/>
  <testcase name="scanStreamsFilesAndClosesResponse" classname="com.example.familyphotoframe.data.source.WebDavPhotoSourceTest" time="0.007"/>
  <system-out><![CDATA[]]></system-out>
  <system-err><![CDATA[]]></system-err>
</testsuite>
