<?xml version="1.0" encoding="UTF-8"?>
<testsuite name="com.example.familyphotoframe.domain.randomize.LeastRecentRandomTest" tests="4" skipped="0" failures="0" errors="0" timestamp="2026-08-12T18:54:04" hostname="runnervmvrwv9" time="0.008">
  <properties/>
  <testcase name="picksWithinWindow" classname="com.example.familyphotoframe.domain.randomize.LeastRecentRandomTest" time="0.005"/>
  <testcase name="avoidsBackToBackRepeat_whenAlternativesExist" classname="com.example.familyphotoframe.domain.randomize.LeastRecentRandomTest" time="0.0"/>
  <testcase name="singleItem_returnsIt_evenIfCurrent" classname="com.example.familyphotoframe.domain.randomize.LeastRecentRandomTest" time="0.0"/>
  <testcase name="emptyWindow_returnsNull" classname="com.example.familyphotoframe.domain.randomize.LeastRecentRandomTest" time="0.0"/>
  <system-out><![CDATA[]]></system-out>
  <system-err><![CDATA[]]></system-err>
</testsuite>
