<?xml version="1.0" encoding="UTF-8"?>
<testsuite name="com.example.familyphotoframe.domain.schedule.BrightnessPolicyTest" tests="3" skipped="0" failures="0" errors="0" timestamp="2026-08-07T04:51:48" hostname="aleksu-Vostro-5471" time="0.004">
  <properties/>
  <testcase name="allInvalidTimesFallBackWithoutCrashingWatcher" classname="com.example.familyphotoframe.domain.schedule.BrightnessPolicyTest" time="0.003"/>
  <testcase name="malformedPeriodDoesNotHideValidPeriod" classname="com.example.familyphotoframe.domain.schedule.BrightnessPolicyTest" time="0.0"/>
  <testcase name="scheduleChangesExactlyAtPeriodBoundary" classname="com.example.familyphotoframe.domain.schedule.BrightnessPolicyTest" time="0.001"/>
  <system-out><![CDATA[]]></system-out>
  <system-err><![CDATA[]]></system-err>
</testsuite>
